#
# There is insufficient memory for the Java Runtime Environment to continue.
# Native memory allocation (mmap) failed to map 65536 bytes for Failed to commit metaspace.
# Possible reasons:
#   The system is out of physical RAM or swap space
#   The process is running with CompressedOops enabled, and the Java Heap may be blocking the growth of the native heap
# Possible solutions:
#   Reduce memory load on the system
#   Increase physical memory or swap space
#   Check if swap backing store is full
#   Decrease Java heap size (-Xmx/-Xms)
#   Decrease number of Java threads
#   Decrease Java thread stack sizes (-Xss)
#   Set larger code cache with -XX:ReservedCodeCacheSize=
#   JVM is running with Unscaled Compressed Oops mode in which the Java heap is
#     placed in the first 4GB address space. The Java Heap base address is the
#     maximum limit for the native heap growth. Please use -XX:HeapBaseMinAddress
#     to set the Java Heap base and to place the Java Heap above 4GB virtual address.
# This output file may be truncated or incomplete.
#
#  Out of Memory Error (virtualSpaceNode.cpp:110), pid=21560, tid=10852
#
# JRE version: Java(TM) SE Runtime Environment (17.0.12+8) (build 17.0.12+8-LTS-286)
# Java VM: Java HotSpot(TM) 64-Bit Server VM (17.0.12+8-LTS-286, mixed mode, emulated-client, sharing, tiered, compressed oops, compressed class ptrs, g1 gc, windows-amd64)
# No core dump will be written. Minidumps are not enabled by default on client versions of Windows
#

---------------  S U M M A R Y ------------

Command Line: -XX:TieredStopAtLevel=1 -Dspring.output.ansi.enabled=always -javaagent:C:\Program Files\JetBrains\IntelliJ IDEA 2025.3.1\lib\idea_rt.jar=51753 -Dfile.encoding=UTF-8 com.franchiseproject.loyaltyservice.LoyaltyServiceApplication

Host: 11th Gen Intel(R) Core(TM) i5-1135G7 @ 2.40GHz, 8 cores, 7G,  Windows 10 , 64 bit Build 19041 (10.0.19041.5915)
Time: Thu Mar 26 14:30:08 2026 SE Asia Standard Time elapsed time: 4.349052 seconds (0d 0h 0m 4s)

---------------  T H R E A D  ---------------

Current thread (0x000001a7d4b367f0):  JavaThread "restartedMain" [_thread_in_vm, id=10852, stack(0x0000000e64300000,0x0000000e64400000)]

Stack: [0x0000000e64300000,0x0000000e64400000]
Native frames: (J=compiled Java code, j=interpreted, Vv=VM code, C=native code)
V  [jvm.dll+0x67a04a]
V  [jvm.dll+0x7da4ed]
V  [jvm.dll+0x7dbe33]
V  [jvm.dll+0x7dc4a3]
V  [jvm.dll+0x24508f]
V  [jvm.dll+0x7d60bb]
V  [jvm.dll+0x6206c6]
V  [jvm.dll+0x1bed07]
V  [jvm.dll+0x623022]
V  [jvm.dll+0x621086]
V  [jvm.dll+0x369732]
V  [jvm.dll+0x1e048b]
V  [jvm.dll+0x53f7b5]
V  [jvm.dll+0x7553b8]
V  [jvm.dll+0x7554a4]
V  [jvm.dll+0x40d1af]
V  [jvm.dll+0x413c39]
C  [java.dll+0x17ec]

Java frames: (J=compiled Java code, j=interpreted, Vv=VM code)
J 905  java.lang.ClassLoader.defineClass1(Ljava/lang/ClassLoader;Ljava/lang/String;[BIILjava/security/ProtectionDomain;Ljava/lang/String;)Ljava/lang/Class; java.base@17.0.12 (0 bytes) @ 0x000001a7c9ef39e3 [0x000001a7c9ef3920+0x00000000000000c3]
J 912 c1 java.lang.ClassLoader.defineClass(Ljava/lang/String;[BIILjava/security/ProtectionDomain;)Ljava/lang/Class; java.base@17.0.12 (43 bytes) @ 0x000001a7c9ef57dc [0x000001a7c9ef56e0+0x00000000000000fc]
J 811 c1 jdk.internal.loader.BuiltinClassLoader.defineClass(Ljava/lang/String;Ljdk/internal/loader/Resource;)Ljava/lang/Class; java.base@17.0.12 (121 bytes) @ 0x000001a7c9ed1ae4 [0x000001a7c9ed1620+0x00000000000004c4]
J 810 c1 jdk.internal.loader.BuiltinClassLoader.findClassOnClassPathOrNull(Ljava/lang/String;)Ljava/lang/Class; java.base@17.0.12 (64 bytes) @ 0x000001a7c9ed0834 [0x000001a7c9ed0580+0x00000000000002b4]
J 482 c1 jdk.internal.loader.BuiltinClassLoader.loadClassOrNull(Ljava/lang/String;Z)Ljava/lang/Class; java.base@17.0.12 (143 bytes) @ 0x000001a7c9e48f5c [0x000001a7c9e48b00+0x000000000000045c]
J 595 c1 jdk.internal.loader.ClassLoaders$AppClassLoader.loadClass(Ljava/lang/String;Z)Ljava/lang/Class; java.base@17.0.12 (40 bytes) @ 0x000001a7c9e737a4 [0x000001a7c9e73660+0x0000000000000144]
J 594 c1 java.lang.ClassLoader.loadClass(Ljava/lang/String;)Ljava/lang/Class; java.base@17.0.12 (7 bytes) @ 0x000001a7c9e728e4 [0x000001a7c9e728a0+0x0000000000000044]
v  ~StubRoutines::call_stub
J 1082  java.lang.Class.forName0(Ljava/lang/String;ZLjava/lang/ClassLoader;Ljava/lang/Class;)Ljava/lang/Class; java.base@17.0.12 (0 bytes) @ 0x000001a7c9f398af [0x000001a7c9f39820+0x000000000000008f]
J 1091 c1 java.lang.Class.forName(Ljava/lang/String;ZLjava/lang/ClassLoader;)Ljava/lang/Class; java.base@17.0.12 (47 bytes) @ 0x000001a7c9f3c8e4 [0x000001a7c9f3c7e0+0x0000000000000104]
j  org.springframework.boot.devtools.restart.classloader.RestartClassLoader.loadClass(Ljava/lang/String;Z)Ljava/lang/Class;+90
J 594 c1 java.lang.ClassLoader.loadClass(Ljava/lang/String;)Ljava/lang/Class; java.base@17.0.12 (7 bytes) @ 0x000001a7c9e728e4 [0x000001a7c9e728a0+0x0000000000000044]
v  ~StubRoutines::call_stub
J 1082  java.lang.Class.forName0(Ljava/lang/String;ZLjava/lang/ClassLoader;Ljava/lang/Class;)Ljava/lang/Class; java.base@17.0.12 (0 bytes) @ 0x000001a7c9f398af [0x000001a7c9f39820+0x000000000000008f]
J 1091 c1 java.lang.Class.forName(Ljava/lang/String;ZLjava/lang/ClassLoader;)Ljava/lang/Class; java.base@17.0.12 (47 bytes) @ 0x000001a7c9f3c8e4 [0x000001a7c9f3c7e0+0x0000000000000104]
j  org.springframework.util.ClassUtils.forName(Ljava/lang/String;Ljava/lang/ClassLoader;)Ljava/lang/Class;+85
J 2304 c1 org.springframework.core.type.classreading.MergedAnnotationReadingVisitor.get(Ljava/lang/ClassLoader;Ljava/lang/Object;Ljava/lang/String;ZLjava/util/function/Consumer;)Lorg/springframework/asm/AnnotationVisitor; (56 bytes) @ 0x000001a7ca1a9f54 [0x000001a7ca1a9e80+0x00000000000000d4]
J 2310 c1 org.springframework.core.type.classreading.SimpleMethodMetadataReadingVisitor.visitAnnotation(Ljava/lang/String;Z)Lorg/springframework/asm/AnnotationVisitor; (28 bytes) @ 0x000001a7ca1ad5dc [0x000001a7ca1ad4e0+0x00000000000000fc]
j  org.springframework.asm.ClassReader.readMethod(Lorg/springframework/asm/ClassVisitor;Lorg/springframework/asm/Context;I)I+736
j  org.springframework.asm.ClassReader.accept(Lorg/springframework/asm/ClassVisitor;[Lorg/springframework/asm/Attribute;I)V+1388
j  org.springframework.asm.ClassReader.accept(Lorg/springframework/asm/ClassVisitor;I)V+7
j  org.springframework.core.type.classreading.SimpleMetadataReader.<init>(Lorg/springframework/core/io/Resource;Ljava/lang/ClassLoader;)V+20
j  org.springframework.core.type.classreading.SimpleMetadataReaderFactory.getMetadataReader(Lorg/springframework/core/io/Resource;)Lorg/springframework/core/type/classreading/MetadataReader;+14
j  org.springframework.core.type.classreading.CachingMetadataReaderFactory.getMetadataReader(Lorg/springframework/core/io/Resource;)Lorg/springframework/core/type/classreading/MetadataReader;+33
j  org.springframework.context.annotation.ClassPathScanningCandidateComponentProvider.scanCandidateComponents(Ljava/lang/String;)Ljava/util/Set;+141
j  org.springframework.context.annotation.ClassPathScanningCandidateComponentProvider.findCandidateComponents(Ljava/lang/String;)Ljava/util/Set;+52
j  org.springframework.context.annotation.ClassPathBeanDefinitionScanner.doScan([Ljava/lang/String;)Ljava/util/Set;+39
j  org.springframework.context.annotation.ComponentScanAnnotationParser.parse(Lorg/springframework/core/annotation/AnnotationAttributes;Ljava/lang/String;)Ljava/util/Set;+508
j  org.springframework.context.annotation.ConfigurationClassParser.doProcessConfigurationClass(Lorg/springframework/context/annotation/ConfigurationClass;Lorg/springframework/context/annotation/ConfigurationClassParser$SourceClass;Ljava/util/function/Predicate;)Lorg/springframework/context/annotation/ConfigurationClassParser$SourceClass;+271
j  org.springframework.context.annotation.ConfigurationClassParser.processConfigurationClass(Lorg/springframework/context/annotation/ConfigurationClass;Ljava/util/function/Predicate;)V+144
j  org.springframework.context.annotation.ConfigurationClassParser.parse(Lorg/springframework/beans/factory/annotation/AnnotatedBeanDefinition;Ljava/lang/String;)Lorg/springframework/context/annotation/ConfigurationClass;+24
j  org.springframework.context.annotation.ConfigurationClassParser.parse(Ljava/util/Set;)V+54
j  org.springframework.context.annotation.ConfigurationClassPostProcessor.processConfigBeanDefinitions(Lorg/springframework/beans/factory/support/BeanDefinitionRegistry;)V+348
j  org.springframework.context.annotation.ConfigurationClassPostProcessor.postProcessBeanDefinitionRegistry(Lorg/springframework/beans/factory/support/BeanDefinitionRegistry;)V+87
j  org.springframework.context.support.PostProcessorRegistrationDelegate.invokeBeanDefinitionRegistryPostProcessors(Ljava/util/Collection;Lorg/springframework/beans/factory/support/BeanDefinitionRegistry;Lorg/springframework/core/metrics/ApplicationStartup;)V+59
j  org.springframework.context.support.PostProcessorRegistrationDelegate.invokeBeanFactoryPostProcessors(Lorg/springframework/beans/factory/config/ConfigurableListableBeanFactory;Ljava/util/List;)V+238
j  org.springframework.context.support.AbstractApplicationContext.invokeBeanFactoryPostProcessors(Lorg/springframework/beans/factory/config/ConfigurableListableBeanFactory;)V+5
j  org.springframework.context.support.AbstractApplicationContext.refresh()V+62
j  org.springframework.boot.web.server.servlet.context.ServletWebServerApplicationContext.refresh()V+1
j  org.springframework.boot.SpringApplication.refresh(Lorg/springframework/context/ConfigurableApplicationContext;)V+1
j  org.springframework.boot.SpringApplication.refreshContext(Lorg/springframework/context/ConfigurableApplicationContext;)V+19
j  org.springframework.boot.SpringApplication.run([Ljava/lang/String;)Lorg/springframework/context/ConfigurableApplicationContext;+113
j  org.springframework.boot.SpringApplication.run([Ljava/lang/Class;[Ljava/lang/String;)Lorg/springframework/context/ConfigurableApplicationContext;+9
j  org.springframework.boot.SpringApplication.run(Ljava/lang/Class;[Ljava/lang/String;)Lorg/springframework/context/ConfigurableApplicationContext;+9
j  com.franchiseproject.loyaltyservice.LoyaltyServiceApplication.main([Ljava/lang/String;)V+3
v  ~StubRoutines::call_stub
j  jdk.internal.reflect.NativeMethodAccessorImpl.invoke0(Ljava/lang/reflect/Method;Ljava/lang/Object;[Ljava/lang/Object;)Ljava/lang/Object;+0 java.base@17.0.12
j  jdk.internal.reflect.NativeMethodAccessorImpl.invoke(Ljava/lang/Object;[Ljava/lang/Object;)Ljava/lang/Object;+133 java.base@17.0.12
j  jdk.internal.reflect.DelegatingMethodAccessorImpl.invoke(Ljava/lang/Object;[Ljava/lang/Object;)Ljava/lang/Object;+6 java.base@17.0.12
j  java.lang.reflect.Method.invoke(Ljava/lang/Object;[Ljava/lang/Object;)Ljava/lang/Object;+59 java.base@17.0.12
j  org.springframework.boot.devtools.restart.RestartLauncher.run()V+47
v  ~StubRoutines::call_stub

---------------  P R O C E S S  ---------------

Threads class SMR info:
_java_thread_list=0x000001a81a1c43b0, length=18, elements={
0x000001a7c22c7710, 0x000001a7d402a260, 0x000001a7d402ab30, 0x000001a7d403ad90,
0x000001a7d403b660, 0x000001a7d403bf30, 0x000001a7d403e810, 0x000001a7d403f0e0,
0x000001a7d4042ef0, 0x000001a7d40140d0, 0x000001a7d40145b0, 0x000001a7d4014ad0,
0x000001a7d4680a40, 0x000001a7d4680f20, 0x000001a7d440cf30, 0x000001a7d4b367f0,
0x000001a7d4d08e40, 0x000001a81a1c33f0
}

Java Threads: ( => current thread )
  0x000001a7c22c7710 JavaThread "main" [_thread_blocked, id=16972, stack(0x0000000e62800000,0x0000000e62900000)]
  0x000001a7d402a260 JavaThread "Reference Handler" daemon [_thread_blocked, id=14144, stack(0x0000000e62f00000,0x0000000e63000000)]
  0x000001a7d402ab30 JavaThread "Finalizer" daemon [_thread_blocked, id=24144, stack(0x0000000e63000000,0x0000000e63100000)]
  0x000001a7d403ad90 JavaThread "Signal Dispatcher" daemon [_thread_blocked, id=23656, stack(0x0000000e63100000,0x0000000e63200000)]
  0x000001a7d403b660 JavaThread "Attach Listener" daemon [_thread_blocked, id=18892, stack(0x0000000e63200000,0x0000000e63300000)]
  0x000001a7d403bf30 JavaThread "Service Thread" daemon [_thread_blocked, id=13752, stack(0x0000000e63300000,0x0000000e63400000)]
  0x000001a7d403e810 JavaThread "Monitor Deflation Thread" daemon [_thread_blocked, id=23224, stack(0x0000000e63400000,0x0000000e63500000)]
  0x000001a7d403f0e0 JavaThread "C1 CompilerThread0" daemon [_thread_blocked, id=20360, stack(0x0000000e63500000,0x0000000e63600000)]
  0x000001a7d4042ef0 JavaThread "Sweeper thread" daemon [_thread_blocked, id=4408, stack(0x0000000e63600000,0x0000000e63700000)]
  0x000001a7d40140d0 JavaThread "Common-Cleaner" daemon [_thread_blocked, id=880, stack(0x0000000e63700000,0x0000000e63800000)]
  0x000001a7d40145b0 JavaThread "C1 CompilerThread1" daemon [_thread_blocked, id=20012, stack(0x0000000e63800000,0x0000000e63900000)]
  0x000001a7d4014ad0 JavaThread "C1 CompilerThread2" daemon [_thread_blocked, id=19260, stack(0x0000000e63900000,0x0000000e63a00000)]
  0x000001a7d4680a40 JavaThread "Monitor Ctrl-Break" daemon [_thread_in_native, id=5760, stack(0x0000000e63a00000,0x0000000e63b00000)]
  0x000001a7d4680f20 JavaThread "Notification Thread" daemon [_thread_blocked, id=24072, stack(0x0000000e63b00000,0x0000000e63c00000)]
  0x000001a7d440cf30 JavaThread "Thread-0" [_thread_blocked, id=21444, stack(0x0000000e64200000,0x0000000e64300000)]
=>0x000001a7d4b367f0 JavaThread "restartedMain" [_thread_in_vm, id=10852, stack(0x0000000e64300000,0x0000000e64400000)]
  0x000001a7d4d08e40 JavaThread "background-preinit" [_thread_in_vm, id=4388, stack(0x0000000e64400000,0x0000000e64500000)]
  0x000001a81a1c33f0 JavaThread "C1 CompilerThread3" daemon [_thread_blocked, id=24084, stack(0x0000000e64700000,0x0000000e64800000)]

Other Threads:
  0x000001a7d40259a0 VMThread "VM Thread" [stack: 0x0000000e62e00000,0x0000000e62f00000] [id=24272]
  0x000001a7c23349f0 WatcherThread [stack: 0x0000000e63c00000,0x0000000e63d00000] [id=11616]
  0x000001a7c23227b0 GCTaskThread "GC Thread#0" [stack: 0x0000000e62900000,0x0000000e62a00000] [id=22712]
  0x000001a7d4abda60 GCTaskThread "GC Thread#1" [stack: 0x0000000e63d00000,0x0000000e63e00000] [id=23832]
  0x000001a7d4b20680 GCTaskThread "GC Thread#2" [stack: 0x0000000e63e00000,0x0000000e63f00000] [id=21748]
  0x000001a7d4b20940 GCTaskThread "GC Thread#3" [stack: 0x0000000e63f00000,0x0000000e64000000] [id=23612]
  0x000001a7d4b20c00 GCTaskThread "GC Thread#4" [stack: 0x0000000e64000000,0x0000000e64100000] [id=15120]
  0x000001a7d4b2aee0 GCTaskThread "GC Thread#5" [stack: 0x0000000e64100000,0x0000000e64200000] [id=11424]
  0x000001a7d4d5f670 GCTaskThread "GC Thread#6" [stack: 0x0000000e64500000,0x0000000e64600000] [id=23200]
  0x000001a7d4d2e7d0 GCTaskThread "GC Thread#7" [stack: 0x0000000e64600000,0x0000000e64700000] [id=12932]
  0x000001a7c01fdcf0 ConcurrentGCThread "G1 Main Marker" [stack: 0x0000000e62a00000,0x0000000e62b00000] [id=23884]
  0x000001a7c01fe510 ConcurrentGCThread "G1 Conc#0" [stack: 0x0000000e62b00000,0x0000000e62c00000] [id=6960]
  0x000001a7d3ed20b0 ConcurrentGCThread "G1 Refine#0" [stack: 0x0000000e62c00000,0x0000000e62d00000] [id=21456]
  0x000001a7d3ed28f0 ConcurrentGCThread "G1 Service" [stack: 0x0000000e62d00000,0x0000000e62e00000] [id=12508]

Threads with active compile tasks:

VM state: not at safepoint (normal execution)

VM Mutex/Monitor currently owned by a thread:  ([mutex/lock_event])
[0x000001a7c22c4d10] Metaspace_lock - owner thread: 0x000001a7d4b367f0

Heap address: 0x0000000085200000, size: 1966 MB, Compressed Oops mode: 32-bit

CDS archive(s) mapped at: [0x000001a7d5000000-0x000001a7d5bd0000-0x000001a7d5bd0000), size 12386304, SharedBaseAddress: 0x000001a7d5000000, ArchiveRelocationMode: 1.
Compressed class space mapped at: 0x000001a7d6000000-0x000001a816000000, reserved size: 1073741824
Narrow klass base: 0x000001a7d5000000, Narrow klass shift: 0, Narrow klass range: 0x100000000

GC Precious Log:
 CPUs: 8 total, 8 available
 Memory: 7859M
 Large Page Support: Disabled
 NUMA Support: Disabled
 Compressed Oops: Enabled (32-bit)
 Heap Region Size: 1M
 Heap Min Capacity: 8M
 Heap Initial Capacity: 124M
 Heap Max Capacity: 1966M
 Pre-touch: Disabled
 Parallel Workers: 8
 Concurrent Workers: 2
 Concurrent Refinement Workers: 8
 Periodic GC: Disabled

Heap:
 garbage-first heap   total 126976K, used 38161K [0x0000000085200000, 0x0000000100000000)
  region size 1024K, 33 young (33792K), 3 survivors (3072K)
 Metaspace       used 16696K, committed 17024K, reserved 1114112K
  class space    used 2418K, committed 2560K, reserved 1048576K

Heap Regions: E=young(eden), S=young(survivor), O=old, HS=humongous(starts), HC=humongous(continues), CS=collection set, F=free, OA=open archive, CA=closed archive, TAMS=top-at-mark-start (previous, next)
|   0|0x0000000085200000, 0x0000000085300000, 0x0000000085300000|100%|HS|  |TAMS 0x0000000085200000, 0x0000000085200000| Complete 
|   1|0x0000000085300000, 0x0000000085400000, 0x0000000085400000|100%|HS|  |TAMS 0x0000000085300000, 0x0000000085300000| Complete 
|   2|0x0000000085400000, 0x0000000085500000, 0x0000000085500000|100%| O|  |TAMS 0x0000000085400000, 0x0000000085400000| Untracked 
|   3|0x0000000085500000, 0x0000000085600000, 0x0000000085600000|100%| O|  |TAMS 0x0000000085500000, 0x0000000085500000| Untracked 
|   4|0x0000000085600000, 0x0000000085700000, 0x0000000085700000|100%| O|  |TAMS 0x0000000085600000, 0x0000000085600000| Untracked 
|   5|0x0000000085700000, 0x0000000085800000, 0x0000000085800000|100%| O|  |TAMS 0x0000000085700000, 0x0000000085700000| Untracked 
|   6|0x0000000085800000, 0x0000000085900000, 0x0000000085900000|100%| O|  |TAMS 0x0000000085800000, 0x0000000085800000| Untracked 
|   7|0x0000000085900000, 0x0000000085927e00, 0x0000000085a00000| 15%| O|  |TAMS 0x0000000085900000, 0x0000000085900000| Untracked 
|   8|0x0000000085a00000, 0x0000000085a00000, 0x0000000085b00000|  0%| F|  |TAMS 0x0000000085a00000, 0x0000000085a00000| Untracked 
|   9|0x0000000085b00000, 0x0000000085b00000, 0x0000000085c00000|  0%| F|  |TAMS 0x0000000085b00000, 0x0000000085b00000| Untracked 
|  10|0x0000000085c00000, 0x0000000085c00000, 0x0000000085d00000|  0%| F|  |TAMS 0x0000000085c00000, 0x0000000085c00000| Untracked 
|  11|0x0000000085d00000, 0x0000000085d00000, 0x0000000085e00000|  0%| F|  |TAMS 0x0000000085d00000, 0x0000000085d00000| Untracked 
|  12|0x0000000085e00000, 0x0000000085e00000, 0x0000000085f00000|  0%| F|  |TAMS 0x0000000085e00000, 0x0000000085e00000| Untracked 
|  13|0x0000000085f00000, 0x0000000085f00000, 0x0000000086000000|  0%| F|  |TAMS 0x0000000085f00000, 0x0000000085f00000| Untracked 
|  14|0x0000000086000000, 0x0000000086000000, 0x0000000086100000|  0%| F|  |TAMS 0x0000000086000000, 0x0000000086000000| Untracked 
|  15|0x0000000086100000, 0x0000000086100000, 0x0000000086200000|  0%| F|  |TAMS 0x0000000086100000, 0x0000000086100000| Untracked 
|  16|0x0000000086200000, 0x0000000086200000, 0x0000000086300000|  0%| F|  |TAMS 0x0000000086200000, 0x0000000086200000| Untracked 
|  17|0x0000000086300000, 0x0000000086300000, 0x0000000086400000|  0%| F|  |TAMS 0x0000000086300000, 0x0000000086300000| Untracked 
|  18|0x0000000086400000, 0x0000000086400000, 0x0000000086500000|  0%| F|  |TAMS 0x0000000086400000, 0x0000000086400000| Untracked 
|  19|0x0000000086500000, 0x0000000086500000, 0x0000000086600000|  0%| F|  |TAMS 0x0000000086500000, 0x0000000086500000| Untracked 
|  20|0x0000000086600000, 0x0000000086600000, 0x0000000086700000|  0%| F|  |TAMS 0x0000000086600000, 0x0000000086600000| Untracked 
|  21|0x0000000086700000, 0x0000000086700000, 0x0000000086800000|  0%| F|  |TAMS 0x0000000086700000, 0x0000000086700000| Untracked 
|  22|0x0000000086800000, 0x0000000086800000, 0x0000000086900000|  0%| F|  |TAMS 0x0000000086800000, 0x0000000086800000| Untracked 
|  23|0x0000000086900000, 0x0000000086900000, 0x0000000086a00000|  0%| F|  |TAMS 0x0000000086900000, 0x0000000086900000| Untracked 
|  24|0x0000000086a00000, 0x0000000086a00000, 0x0000000086b00000|  0%| F|  |TAMS 0x0000000086a00000, 0x0000000086a00000| Untracked 
|  25|0x0000000086b00000, 0x0000000086b00000, 0x0000000086c00000|  0%| F|  |TAMS 0x0000000086b00000, 0x0000000086b00000| Untracked 
|  26|0x0000000086c00000, 0x0000000086c00000, 0x0000000086d00000|  0%| F|  |TAMS 0x0000000086c00000, 0x0000000086c00000| Untracked 
|  27|0x0000000086d00000, 0x0000000086d00000, 0x0000000086e00000|  0%| F|  |TAMS 0x0000000086d00000, 0x0000000086d00000| Untracked 
|  28|0x0000000086e00000, 0x0000000086e00000, 0x0000000086f00000|  0%| F|  |TAMS 0x0000000086e00000, 0x0000000086e00000| Untracked 
|  29|0x0000000086f00000, 0x0000000086f00000, 0x0000000087000000|  0%| F|  |TAMS 0x0000000086f00000, 0x0000000086f00000| Untracked 
|  30|0x0000000087000000, 0x0000000087000000, 0x0000000087100000|  0%| F|  |TAMS 0x0000000087000000, 0x0000000087000000| Untracked 
|  31|0x0000000087100000, 0x0000000087100000, 0x0000000087200000|  0%| F|  |TAMS 0x0000000087100000, 0x0000000087100000| Untracked 
|  32|0x0000000087200000, 0x0000000087200000, 0x0000000087300000|  0%| F|  |TAMS 0x0000000087200000, 0x0000000087200000| Untracked 
|  33|0x0000000087300000, 0x0000000087300000, 0x0000000087400000|  0%| F|  |TAMS 0x0000000087300000, 0x0000000087300000| Untracked 
|  34|0x0000000087400000, 0x0000000087400000, 0x0000000087500000|  0%| F|  |TAMS 0x0000000087400000, 0x0000000087400000| Untracked 
|  35|0x0000000087500000, 0x0000000087500000, 0x0000000087600000|  0%| F|  |TAMS 0x0000000087500000, 0x0000000087500000| Untracked 
|  36|0x0000000087600000, 0x0000000087600000, 0x0000000087700000|  0%| F|  |TAMS 0x0000000087600000, 0x0000000087600000| Untracked 
|  37|0x0000000087700000, 0x0000000087700000, 0x0000000087800000|  0%| F|  |TAMS 0x0000000087700000, 0x0000000087700000| Untracked 
|  38|0x0000000087800000, 0x0000000087800000, 0x0000000087900000|  0%| F|  |TAMS 0x0000000087800000, 0x0000000087800000| Untracked 
|  39|0x0000000087900000, 0x0000000087900000, 0x0000000087a00000|  0%| F|  |TAMS 0x0000000087900000, 0x0000000087900000| Untracked 
|  40|0x0000000087a00000, 0x0000000087a00000, 0x0000000087b00000|  0%| F|  |TAMS 0x0000000087a00000, 0x0000000087a00000| Untracked 
|  41|0x0000000087b00000, 0x0000000087b00000, 0x0000000087c00000|  0%| F|  |TAMS 0x0000000087b00000, 0x0000000087b00000| Untracked 
|  42|0x0000000087c00000, 0x0000000087c00000, 0x0000000087d00000|  0%| F|  |TAMS 0x0000000087c00000, 0x0000000087c00000| Untracked 
|  43|0x0000000087d00000, 0x0000000087d00000, 0x0000000087e00000|  0%| F|  |TAMS 0x0000000087d00000, 0x0000000087d00000| Untracked 
|  44|0x0000000087e00000, 0x0000000087e00000, 0x0000000087f00000|  0%| F|  |TAMS 0x0000000087e00000, 0x0000000087e00000| Untracked 
|  45|0x0000000087f00000, 0x0000000087f00000, 0x0000000088000000|  0%| F|  |TAMS 0x0000000087f00000, 0x0000000087f00000| Untracked 
|  46|0x0000000088000000, 0x0000000088000000, 0x0000000088100000|  0%| F|  |TAMS 0x0000000088000000, 0x0000000088000000| Untracked 
|  47|0x0000000088100000, 0x0000000088100000, 0x0000000088200000|  0%| F|  |TAMS 0x0000000088100000, 0x0000000088100000| Untracked 
|  48|0x0000000088200000, 0x0000000088200000, 0x0000000088300000|  0%| F|  |TAMS 0x0000000088200000, 0x0000000088200000| Untracked 
|  49|0x0000000088300000, 0x0000000088300000, 0x0000000088400000|  0%| F|  |TAMS 0x0000000088300000, 0x0000000088300000| Untracked 
|  50|0x0000000088400000, 0x0000000088400000, 0x0000000088500000|  0%| F|  |TAMS 0x0000000088400000, 0x0000000088400000| Untracked 
|  51|0x0000000088500000, 0x0000000088500000, 0x0000000088600000|  0%| F|  |TAMS 0x0000000088500000, 0x0000000088500000| Untracked 
|  52|0x0000000088600000, 0x0000000088600000, 0x0000000088700000|  0%| F|  |TAMS 0x0000000088600000, 0x0000000088600000| Untracked 
|  53|0x0000000088700000, 0x0000000088700000, 0x0000000088800000|  0%| F|  |TAMS 0x0000000088700000, 0x0000000088700000| Untracked 
|  54|0x0000000088800000, 0x0000000088800000, 0x0000000088900000|  0%| F|  |TAMS 0x0000000088800000, 0x0000000088800000| Untracked 
|  55|0x0000000088900000, 0x0000000088900000, 0x0000000088a00000|  0%| F|  |TAMS 0x0000000088900000, 0x0000000088900000| Untracked 
|  56|0x0000000088a00000, 0x0000000088a00000, 0x0000000088b00000|  0%| F|  |TAMS 0x0000000088a00000, 0x0000000088a00000| Untracked 
|  57|0x0000000088b00000, 0x0000000088b00000, 0x0000000088c00000|  0%| F|  |TAMS 0x0000000088b00000, 0x0000000088b00000| Untracked 
|  58|0x0000000088c00000, 0x0000000088c00000, 0x0000000088d00000|  0%| F|  |TAMS 0x0000000088c00000, 0x0000000088c00000| Untracked 
|  59|0x0000000088d00000, 0x0000000088d00000, 0x0000000088e00000|  0%| F|  |TAMS 0x0000000088d00000, 0x0000000088d00000| Untracked 
|  60|0x0000000088e00000, 0x0000000088e00000, 0x0000000088f00000|  0%| F|  |TAMS 0x0000000088e00000, 0x0000000088e00000| Untracked 
|  61|0x0000000088f00000, 0x0000000088f00000, 0x0000000089000000|  0%| F|  |TAMS 0x0000000088f00000, 0x0000000088f00000| Untracked 
|  62|0x0000000089000000, 0x0000000089000000, 0x0000000089100000|  0%| F|  |TAMS 0x0000000089000000, 0x0000000089000000| Untracked 
|  63|0x0000000089100000, 0x0000000089100000, 0x0000000089200000|  0%| F|  |TAMS 0x0000000089100000, 0x0000000089100000| Untracked 
|  64|0x0000000089200000, 0x0000000089200000, 0x0000000089300000|  0%| F|  |TAMS 0x0000000089200000, 0x0000000089200000| Untracked 
|  65|0x0000000089300000, 0x0000000089300000, 0x0000000089400000|  0%| F|  |TAMS 0x0000000089300000, 0x0000000089300000| Untracked 
|  66|0x0000000089400000, 0x0000000089400000, 0x0000000089500000|  0%| F|  |TAMS 0x0000000089400000, 0x0000000089400000| Untracked 
|  67|0x0000000089500000, 0x0000000089500000, 0x0000000089600000|  0%| F|  |TAMS 0x0000000089500000, 0x0000000089500000| Untracked 
|  68|0x0000000089600000, 0x0000000089600000, 0x0000000089700000|  0%| F|  |TAMS 0x0000000089600000, 0x0000000089600000| Untracked 
|  69|0x0000000089700000, 0x0000000089700000, 0x0000000089800000|  0%| F|  |TAMS 0x0000000089700000, 0x0000000089700000| Untracked 
|  70|0x0000000089800000, 0x0000000089800000, 0x0000000089900000|  0%| F|  |TAMS 0x0000000089800000, 0x0000000089800000| Untracked 
|  71|0x0000000089900000, 0x0000000089900000, 0x0000000089a00000|  0%| F|  |TAMS 0x0000000089900000, 0x0000000089900000| Untracked 
|  72|0x0000000089a00000, 0x0000000089a00000, 0x0000000089b00000|  0%| F|  |TAMS 0x0000000089a00000, 0x0000000089a00000| Untracked 
|  73|0x0000000089b00000, 0x0000000089b00000, 0x0000000089c00000|  0%| F|  |TAMS 0x0000000089b00000, 0x0000000089b00000| Untracked 
|  74|0x0000000089c00000, 0x0000000089c00000, 0x0000000089d00000|  0%| F|  |TAMS 0x0000000089c00000, 0x0000000089c00000| Untracked 
|  75|0x0000000089d00000, 0x0000000089d00000, 0x0000000089e00000|  0%| F|  |TAMS 0x0000000089d00000, 0x0000000089d00000| Untracked 
|  76|0x0000000089e00000, 0x0000000089e00000, 0x0000000089f00000|  0%| F|  |TAMS 0x0000000089e00000, 0x0000000089e00000| Untracked 
|  77|0x0000000089f00000, 0x0000000089f00000, 0x000000008a000000|  0%| F|  |TAMS 0x0000000089f00000, 0x0000000089f00000| Untracked 
|  78|0x000000008a000000, 0x000000008a000000, 0x000000008a100000|  0%| F|  |TAMS 0x000000008a000000, 0x000000008a000000| Untracked 
|  79|0x000000008a100000, 0x000000008a100000, 0x000000008a200000|  0%| F|  |TAMS 0x000000008a100000, 0x000000008a100000| Untracked 
|  80|0x000000008a200000, 0x000000008a200000, 0x000000008a300000|  0%| F|  |TAMS 0x000000008a200000, 0x000000008a200000| Untracked 
|  81|0x000000008a300000, 0x000000008a300000, 0x000000008a400000|  0%| F|  |TAMS 0x000000008a300000, 0x000000008a300000| Untracked 
|  82|0x000000008a400000, 0x000000008a400000, 0x000000008a500000|  0%| F|  |TAMS 0x000000008a400000, 0x000000008a400000| Untracked 
|  83|0x000000008a500000, 0x000000008a500000, 0x000000008a600000|  0%| F|  |TAMS 0x000000008a500000, 0x000000008a500000| Untracked 
|  84|0x000000008a600000, 0x000000008a600000, 0x000000008a700000|  0%| F|  |TAMS 0x000000008a600000, 0x000000008a600000| Untracked 
|  85|0x000000008a700000, 0x000000008a700000, 0x000000008a800000|  0%| F|  |TAMS 0x000000008a700000, 0x000000008a700000| Untracked 
|  86|0x000000008a800000, 0x000000008a800000, 0x000000008a900000|  0%| F|  |TAMS 0x000000008a800000, 0x000000008a800000| Untracked 
|  87|0x000000008a900000, 0x000000008a900000, 0x000000008aa00000|  0%| F|  |TAMS 0x000000008a900000, 0x000000008a900000| Untracked 
|  88|0x000000008aa00000, 0x000000008aa00000, 0x000000008ab00000|  0%| F|  |TAMS 0x000000008aa00000, 0x000000008aa00000| Untracked 
|  89|0x000000008ab00000, 0x000000008ab00000, 0x000000008ac00000|  0%| F|  |TAMS 0x000000008ab00000, 0x000000008ab00000| Untracked 
|  90|0x000000008ac00000, 0x000000008ac1c9c0, 0x000000008ad00000| 11%| S|CS|TAMS 0x000000008ac00000, 0x000000008ac00000| Complete 
|  91|0x000000008ad00000, 0x000000008ae00000, 0x000000008ae00000|100%| S|CS|TAMS 0x000000008ad00000, 0x000000008ad00000| Complete 
|  92|0x000000008ae00000, 0x000000008af00000, 0x000000008af00000|100%| S|CS|TAMS 0x000000008ae00000, 0x000000008ae00000| Complete 
|  93|0x000000008af00000, 0x000000008af00000, 0x000000008b000000|  0%| F|  |TAMS 0x000000008af00000, 0x000000008af00000| Untracked 
|  94|0x000000008b000000, 0x000000008b0ddb50, 0x000000008b100000| 86%| E|  |TAMS 0x000000008b000000, 0x000000008b000000| Complete 
|  95|0x000000008b100000, 0x000000008b200000, 0x000000008b200000|100%| E|  |TAMS 0x000000008b100000, 0x000000008b100000| Complete 
|  96|0x000000008b200000, 0x000000008b300000, 0x000000008b300000|100%| E|CS|TAMS 0x000000008b200000, 0x000000008b200000| Complete 
|  97|0x000000008b300000, 0x000000008b400000, 0x000000008b400000|100%| E|CS|TAMS 0x000000008b300000, 0x000000008b300000| Complete 
|  98|0x000000008b400000, 0x000000008b500000, 0x000000008b500000|100%| E|CS|TAMS 0x000000008b400000, 0x000000008b400000| Complete 
|  99|0x000000008b500000, 0x000000008b600000, 0x000000008b600000|100%| E|CS|TAMS 0x000000008b500000, 0x000000008b500000| Complete 
| 100|0x000000008b600000, 0x000000008b700000, 0x000000008b700000|100%| E|CS|TAMS 0x000000008b600000, 0x000000008b600000| Complete 
| 101|0x000000008b700000, 0x000000008b800000, 0x000000008b800000|100%| E|CS|TAMS 0x000000008b700000, 0x000000008b700000| Complete 
| 102|0x000000008b800000, 0x000000008b900000, 0x000000008b900000|100%| E|CS|TAMS 0x000000008b800000, 0x000000008b800000| Complete 
| 103|0x000000008b900000, 0x000000008ba00000, 0x000000008ba00000|100%| E|CS|TAMS 0x000000008b900000, 0x000000008b900000| Complete 
| 104|0x000000008ba00000, 0x000000008bb00000, 0x000000008bb00000|100%| E|CS|TAMS 0x000000008ba00000, 0x000000008ba00000| Complete 
| 105|0x000000008bb00000, 0x000000008bc00000, 0x000000008bc00000|100%| E|CS|TAMS 0x000000008bb00000, 0x000000008bb00000| Complete 
| 106|0x000000008bc00000, 0x000000008bd00000, 0x000000008bd00000|100%| E|CS|TAMS 0x000000008bc00000, 0x000000008bc00000| Complete 
| 107|0x000000008bd00000, 0x000000008be00000, 0x000000008be00000|100%| E|CS|TAMS 0x000000008bd00000, 0x000000008bd00000| Complete 
| 108|0x000000008be00000, 0x000000008bf00000, 0x000000008bf00000|100%| E|CS|TAMS 0x000000008be00000, 0x000000008be00000| Complete 
| 109|0x000000008bf00000, 0x000000008c000000, 0x000000008c000000|100%| E|CS|TAMS 0x000000008bf00000, 0x000000008bf00000| Complete 
| 110|0x000000008c000000, 0x000000008c100000, 0x000000008c100000|100%| E|CS|TAMS 0x000000008c000000, 0x000000008c000000| Complete 
| 111|0x000000008c100000, 0x000000008c200000, 0x000000008c200000|100%| E|CS|TAMS 0x000000008c100000, 0x000000008c100000| Complete 
| 112|0x000000008c200000, 0x000000008c300000, 0x000000008c300000|100%| E|CS|TAMS 0x000000008c200000, 0x000000008c200000| Complete 
| 113|0x000000008c300000, 0x000000008c400000, 0x000000008c400000|100%| E|CS|TAMS 0x000000008c300000, 0x000000008c300000| Complete 
| 114|0x000000008c400000, 0x000000008c500000, 0x000000008c500000|100%| E|CS|TAMS 0x000000008c400000, 0x000000008c400000| Complete 
| 115|0x000000008c500000, 0x000000008c600000, 0x000000008c600000|100%| E|CS|TAMS 0x000000008c500000, 0x000000008c500000| Complete 
| 116|0x000000008c600000, 0x000000008c700000, 0x000000008c700000|100%| E|CS|TAMS 0x000000008c600000, 0x000000008c600000| Complete 
| 117|0x000000008c700000, 0x000000008c800000, 0x000000008c800000|100%| E|CS|TAMS 0x000000008c700000, 0x000000008c700000| Complete 
| 118|0x000000008c800000, 0x000000008c900000, 0x000000008c900000|100%| E|CS|TAMS 0x000000008c800000, 0x000000008c800000| Complete 
| 119|0x000000008c900000, 0x000000008ca00000, 0x000000008ca00000|100%| E|CS|TAMS 0x000000008c900000, 0x000000008c900000| Complete 
| 120|0x000000008ca00000, 0x000000008cb00000, 0x000000008cb00000|100%| E|CS|TAMS 0x000000008ca00000, 0x000000008ca00000| Complete 
| 121|0x000000008cb00000, 0x000000008cc00000, 0x000000008cc00000|100%| E|CS|TAMS 0x000000008cb00000, 0x000000008cb00000| Complete 
| 122|0x000000008cc00000, 0x000000008cd00000, 0x000000008cd00000|100%| E|CS|TAMS 0x000000008cc00000, 0x000000008cc00000| Complete 
| 123|0x000000008cd00000, 0x000000008ce00000, 0x000000008ce00000|100%| E|CS|TAMS 0x000000008cd00000, 0x000000008cd00000| Complete 

Card table byte_map: [0x000001a7cd070000,0x000001a7cd450000] _byte_map_base: 0x000001a7ccc47000

Marking Bits (Prev, Next): (CMBitMap*) 0x000001a7c2323cf0, (CMBitMap*) 0x000001a7c2323d30
 Prev Bits: [0x000001a7cd830000, 0x000001a7cf6e8000)
 Next Bits: [0x000001a7cf6f0000, 0x000001a7d15a8000)

Polling page: 0x000001a7c1a90000

Metaspace:

Usage:
  Non-class:     13.94 MB used.
      Class:      2.36 MB used.
       Both:     16.30 MB used.

Virtual space:
  Non-class space:       64.00 MB reserved,      14.12 MB ( 22%) committed,  1 nodes.
      Class space:        1.00 GB reserved,       2.50 MB ( <1%) committed,  1 nodes.
             Both:        1.06 GB reserved,      16.62 MB (  2%) committed. 

Chunk freelists:
   Non-Class:  1.02 MB
       Class:  13.48 MB
        Both:  14.50 MB

MaxMetaspaceSize: unlimited
CompressedClassSpaceSize: 1.00 GB
Initial GC threshold: 21.00 MB
Current GC threshold: 21.00 MB
CDS: on
MetaspaceReclaimPolicy: balanced
 - commit_granule_bytes: 65536.
 - commit_granule_words: 8192.
 - virtual_space_node_default_size: 8388608.
 - enlarge_chunks_in_place: 1.
 - new_chunks_are_fully_committed: 0.
 - uncommit_free_chunks: 1.
 - use_allocation_guard: 0.
 - handle_deallocations: 1.


Internal statistics:

num_allocs_failed_limit: 0.
num_arena_births: 400.
num_arena_deaths: 0.
num_vsnodes_births: 2.
num_vsnodes_deaths: 0.
num_space_committed: 266.
num_space_uncommitted: 0.
num_chunks_returned_to_freelist: 0.
num_chunks_taken_from_freelist: 998.
num_chunk_merges: 0.
num_chunk_splits: 690.
num_chunks_enlarged: 517.
num_inconsistent_stats: 0.

CodeCache: size=49152Kb used=6333Kb max_used=6333Kb free=42818Kb
 bounds [0x000001a7c9b80000, 0x000001a7ca1b0000, 0x000001a7ccb80000]
 total_blobs=2810 nmethods=2314 adapters=420
 compilation: disabled (not enough contiguous free space left)
              stopped_count=1, restarted_count=0
 full_count=1

Compilation events (20 events):
Event: 4.229 Thread 0x000001a81a1c33f0 nmethod 2306 0x000001a7ca1ab090 code [0x000001a7ca1ab340, 0x000001a7ca1abc48]
Event: 4.230 Thread 0x000001a7d4014ad0 2307       1       org.springframework.core.type.classreading.SimpleMethodMetadataReadingVisitor::<init> (52 bytes)
Event: 4.230 Thread 0x000001a81a1c33f0 2308       1       org.springframework.asm.MethodVisitor::<init> (7 bytes)
Event: 4.230 Thread 0x000001a7d403f0e0 2309       1       org.springframework.asm.MethodVisitor::<init> (71 bytes)
Event: 4.230 Thread 0x000001a81a1c33f0 nmethod 2308 0x000001a7ca1ac110 code [0x000001a7ca1ac2a0, 0x000001a7ca1ac388]
Event: 4.230 Thread 0x000001a81a1c33f0 2314       1       org.springframework.asm.Type::getReturnTypeOffset (64 bytes)
Event: 4.230 Thread 0x000001a7d403f0e0 nmethod 2309 0x000001a7ca1ac410 code [0x000001a7ca1ac5c0, 0x000001a7ca1ac818]
Event: 4.230 Thread 0x000001a7d403f0e0 2310       1       org.springframework.core.type.classreading.SimpleMethodMetadataReadingVisitor::visitAnnotation (28 bytes)
Event: 4.231 Thread 0x000001a7d4014ad0 nmethod 2307 0x000001a7ca1ac910 code [0x000001a7ca1acae0, 0x000001a7ca1aced8]
Event: 4.231 Thread 0x000001a7d4014ad0 2311       1       org.springframework.core.type.classreading.SimpleMethodMetadataReadingVisitor$$Lambda$466/0x000001a7d625c690::<init> (10 bytes)
Event: 4.231 Thread 0x000001a7d4014ad0 nmethod 2311 0x000001a7ca1ad010 code [0x000001a7ca1ad1a0, 0x000001a7ca1ad2b8]
Event: 4.231 Thread 0x000001a7d4014ad0 2312       1       org.springframework.core.type.classreading.SimpleMethodMetadataReadingVisitor::visitEnd (56 bytes)
Event: 4.231 Thread 0x000001a7d403f0e0 nmethod 2310 0x000001a7ca1ad310 code [0x000001a7ca1ad4e0, 0x000001a7ca1ad778]
Event: 4.231 Thread 0x000001a7d403f0e0 2313       1       org.springframework.asm.Type::getReturnType (13 bytes)
Event: 4.231 Thread 0x000001a7d403f0e0 nmethod 2313 0x000001a7ca1ad910 code [0x000001a7ca1adac0, 0x000001a7ca1adbb8]
Event: 4.231 Thread 0x000001a7d403f0e0 2315       1       org.springframework.core.type.classreading.SimpleMethodMetadata::<init> (38 bytes)
Event: 4.231 Thread 0x000001a7d4014ad0 nmethod 2312 0x000001a7ca1adc90 code [0x000001a7ca1adea0, 0x000001a7ca1ae2c8]
Event: 4.232 Thread 0x000001a7d403f0e0 nmethod 2315 0x000001a7ca1ae590 code [0x000001a7ca1ae720, 0x000001a7ca1ae9b8]
Event: 4.232 Thread 0x000001a81a1c33f0 nmethod 2314 0x000001a7ca1aea10 code [0x000001a7ca1aec20, 0x000001a7ca1af1f8]
Event: 4.234 Thread 0x000001a7d40145b0 


GC Heap History (4 events):
Event: 1.569 GC heap before
{Heap before GC invocations=0 (full 0):
 garbage-first heap   total 126976K, used 24576K [0x0000000085200000, 0x0000000100000000)
  region size 1024K, 23 young (23552K), 0 survivors (0K)
 Metaspace       used 4663K, committed 4864K, reserved 1114112K
  class space    used 614K, committed 704K, reserved 1048576K
}
Event: 1.581 GC heap after
{Heap after GC invocations=1 (full 0):
 garbage-first heap   total 126976K, used 7326K [0x0000000085200000, 0x0000000100000000)
  region size 1024K, 3 young (3072K), 3 survivors (3072K)
 Metaspace       used 4663K, committed 4864K, reserved 1114112K
  class space    used 614K, committed 704K, reserved 1048576K
}
Event: 3.353 GC heap before
{Heap before GC invocations=1 (full 0):
 garbage-first heap   total 126976K, used 35998K [0x0000000085200000, 0x0000000100000000)
  region size 1024K, 31 young (31744K), 3 survivors (3072K)
 Metaspace       used 10992K, committed 11328K, reserved 1114112K
  class space    used 1598K, committed 1728K, reserved 1048576K
}
Event: 3.365 GC heap after
{Heap after GC invocations=2 (full 0):
 garbage-first heap   total 126976K, used 9489K [0x0000000085200000, 0x0000000100000000)
  region size 1024K, 3 young (3072K), 3 survivors (3072K)
 Metaspace       used 10992K, committed 11328K, reserved 1114112K
  class space    used 1598K, committed 1728K, reserved 1048576K
}

Deoptimization events (0 events):
No events

Classes unloaded (0 events):
No events

Classes redefined (0 events):
No events

Internal exceptions (20 events):
Event: 2.594 Thread 0x000001a7d4b367f0 Exception <a 'java/lang/NoSuchMethodError'{0x000000008bd6f908}: 'java.lang.Object java.lang.invoke.DirectMethodHandle$Holder.invokeSpecial(java.lang.Object, java.lang.Object, java.lang.Object, int, java.lang.Object)'> (0x000000008bd6f908) 
thrown [s\open\src\hotspot\share\interpreter\linkResolver.cpp, line 759]
Event: 2.596 Thread 0x000001a7d4b367f0 Exception <a 'java/lang/NoSuchMethodError'{0x000000008bd77e70}: 'java.lang.Object java.lang.invoke.DirectMethodHandle$Holder.newInvokeSpecial(java.lang.Object, java.lang.Object, java.lang.Object, int, java.lang.Object)'> (0x000000008bd77e70) 
thrown [s\open\src\hotspot\share\interpreter\linkResolver.cpp, line 759]
Event: 2.597 Thread 0x000001a7d4b367f0 Exception <a 'java/lang/NoSuchMethodError'{0x000000008bd7f840}: 'java.lang.Object java.lang.invoke.Invokers$Holder.linkToTargetMethod(java.lang.Object, java.lang.Object, int, java.lang.Object, java.lang.Object)'> (0x000000008bd7f840) 
thrown [s\open\src\hotspot\share\interpreter\linkResolver.cpp, line 759]
Event: 2.598 Thread 0x000001a7d4b367f0 Exception <a 'java/lang/NoSuchMethodError'{0x000000008bd8f9a0}: 'java.lang.Object java.lang.invoke.DirectMethodHandle$Holder.newInvokeSpecial(java.lang.Object, int, java.lang.Object)'> (0x000000008bd8f9a0) 
thrown [s\open\src\hotspot\share\interpreter\linkResolver.cpp, line 759]
Event: 2.599 Thread 0x000001a7d4b367f0 Exception <a 'java/lang/NoSuchMethodError'{0x000000008bd943e0}: 'int java.lang.invoke.DirectMethodHandle$Holder.invokeSpecialIFC(java.lang.Object, java.lang.Object, java.lang.Object, java.lang.Object)'> (0x000000008bd943e0) 
thrown [s\open\src\hotspot\share\interpreter\linkResolver.cpp, line 759]
Event: 2.631 Thread 0x000001a7d4b367f0 Exception <a 'java/lang/NoSuchMethodError'{0x000000008bc2a938}: 'void java.lang.invoke.DirectMethodHandle$Holder.invokeInterface(java.lang.Object, java.lang.Object, java.lang.Object)'> (0x000000008bc2a938) 
thrown [s\open\src\hotspot\share\interpreter\linkResolver.cpp, line 759]
Event: 2.671 Thread 0x000001a7d4b367f0 Exception <a 'java/lang/NoSuchMethodError'{0x000000008bcccf88}: 'java.lang.Object java.lang.invoke.DirectMethodHandle$Holder.invokeVirtual(java.lang.Object, java.lang.Object, java.lang.Object)'> (0x000000008bcccf88) 
thrown [s\open\src\hotspot\share\interpreter\linkResolver.cpp, line 759]
Event: 2.721 Thread 0x000001a7d4b367f0 Exception <a 'java/lang/NoSuchMethodError'{0x000000008bbaf000}: 'void java.lang.invoke.DirectMethodHandle$Holder.invokeStatic(java.lang.Object, java.lang.Object, int)'> (0x000000008bbaf000) 
thrown [s\open\src\hotspot\share\interpreter\linkResolver.cpp, line 759]
Event: 2.729 Thread 0x000001a7d4b367f0 Exception <a 'java/lang/NoSuchMethodError'{0x000000008bbc1138}: 'void java.lang.invoke.DirectMethodHandle$Holder.invokeStaticInit(java.lang.Object, java.lang.Object, java.lang.Object)'> (0x000000008bbc1138) 
thrown [s\open\src\hotspot\share\interpreter\linkResolver.cpp, line 759]
Event: 2.788 Thread 0x000001a7d4b367f0 Exception <a 'java/lang/NoSuchMethodError'{0x000000008baa6e70}: 'java.lang.Object java.lang.invoke.DirectMethodHandle$Holder.newInvokeSpecial(java.lang.Object, long)'> (0x000000008baa6e70) 
thrown [s\open\src\hotspot\share\interpreter\linkResolver.cpp, line 759]
Event: 2.789 Thread 0x000001a7d4b367f0 Exception <a 'java/lang/NoSuchMethodError'{0x000000008baae708}: 'void java.lang.invoke.DirectMethodHandle$Holder.invokeVirtual(java.lang.Object, java.lang.Object, java.lang.Object, java.lang.Object)'> (0x000000008baae708) 
thrown [s\open\src\hotspot\share\interpreter\linkResolver.cpp, line 759]
Event: 2.843 Thread 0x000001a7d4b367f0 Exception <a 'java/lang/NoSuchMethodError'{0x000000008b95e9b0}: 'java.lang.Object java.lang.invoke.DirectMethodHandle$Holder.invokeSpecial(java.lang.Object, java.lang.Object, long, java.lang.Object, java.lang.Object, java.lang.Object, java.lang.Object, java.lang.Object, java.lang.Object)'> (0x000000008b95e9b0) 
thrown [s\open\src\hotspot\share\interpreter\linkResolver.cpp, line 759]
Event: 2.843 Thread 0x000001a7d4b367f0 Exception <a 'java/lang/NoSuchMethodError'{0x000000008b963230}: 'java.lang.Object java.lang.invoke.DelegatingMethodHandle$Holder.reinvoke_L(java.lang.Object, long, java.lang.Object, java.lang.Object, java.lang.Object, java.lang.Object, java.lang.Object, java.lang.Object)'> (0x000000008b963230) 
thrown [s\open\src\hotspot\share\interpreter\linkResolver.cpp, line 759]
Event: 3.084 Thread 0x000001a7d4b367f0 Exception <a 'java/lang/NoSuchMethodError'{0x000000008b784c18}: 'java.lang.Object java.lang.invoke.DirectMethodHandle$Holder.invokeSpecial(java.lang.Object, java.lang.Object, java.lang.Object, java.lang.Object, java.lang.Object, java.lang.Object, java.lang.Object, java.lang.Object, java.lang.Object)'> (0x000000008b784c18) 
thrown [s\open\src\hotspot\share\interpreter\linkResolver.cpp, line 759]
Event: 3.084 Thread 0x000001a7d4b367f0 Exception <a 'java/lang/NoSuchMethodError'{0x000000008b789540}: 'java.lang.Object java.lang.invoke.Invokers$Holder.invoke_MT(java.lang.Object, java.lang.Object, java.lang.Object, java.lang.Object, java.lang.Object, java.lang.Object, java.lang.Object, java.lang.Object, java.lang.Object)'> (0x000000008b789540) 
thrown [s\open\src\hotspot\share\interpreter\linkResolver.cpp, line 759]
Event: 3.105 Thread 0x000001a7d4b367f0 Exception <a 'java/lang/IncompatibleClassChangeError'{0x000000008b30d618}: Found class java.lang.Object, but interface was expected> (0x000000008b30d618) 
thrown [s\open\src\hotspot\share\interpreter\linkResolver.cpp, line 826]
Event: 3.197 Thread 0x000001a7d4d08e40 Exception <a 'java/lang/NoSuchMethodError'{0x000000008b2fdf08}: 'java.lang.Object java.lang.invoke.Invokers$Holder.invoke_MT(java.lang.Object, java.lang.Object, java.lang.Object)'> (0x000000008b2fdf08) 
thrown [s\open\src\hotspot\share\interpreter\linkResolver.cpp, line 759]
Event: 3.951 Thread 0x000001a7d4b367f0 Exception <a 'sun/nio/fs/WindowsException'{0x000000008bbd5a28}> (0x000000008bbd5a28) 
thrown [s\open\src\hotspot\share\prims\jni.cpp, line 516]
Event: 3.952 Thread 0x000001a7d4b367f0 Exception <a 'java/lang/NoSuchMethodError'{0x000000008bbd74c8}: 'int java.lang.invoke.DirectMethodHandle$Holder.invokeSpecial(java.lang.Object, java.lang.Object, java.lang.Object, java.lang.Object, java.lang.Object)'> (0x000000008bbd74c8) 
thrown [s\open\src\hotspot\share\interpreter\linkResolver.cpp, line 759]
Event: 3.960 Thread 0x000001a7d4b367f0 Exception <a 'java/lang/NoSuchMethodError'{0x000000008bbe0520}: 'void java.lang.invoke.DirectMethodHandle$Holder.invokeVirtual(java.lang.Object, java.lang.Object)'> (0x000000008bbe0520) 
thrown [s\open\src\hotspot\share\interpreter\linkResolver.cpp, line 759]

VM Operations (20 events):
Event: 0.985 Executing VM operation: HandshakeAllThreads
Event: 0.985 Executing VM operation: HandshakeAllThreads done
Event: 1.001 Executing VM operation: HandshakeAllThreads
Event: 1.001 Executing VM operation: HandshakeAllThreads done
Event: 1.568 Executing VM operation: G1CollectForAllocation
Event: 1.581 Executing VM operation: G1CollectForAllocation done
Event: 2.553 Executing VM operation: HandshakeAllThreads
Event: 2.553 Executing VM operation: HandshakeAllThreads done
Event: 2.762 Executing VM operation: ICBufferFull
Event: 2.762 Executing VM operation: ICBufferFull done
Event: 3.063 Executing VM operation: HandshakeAllThreads
Event: 3.063 Executing VM operation: HandshakeAllThreads done
Event: 3.067 Executing VM operation: HandshakeAllThreads
Event: 3.067 Executing VM operation: HandshakeAllThreads done
Event: 3.353 Executing VM operation: G1CollectForAllocation
Event: 3.365 Executing VM operation: G1CollectForAllocation done
Event: 3.796 Executing VM operation: HandshakeAllThreads
Event: 3.796 Executing VM operation: HandshakeAllThreads done
Event: 3.904 Executing VM operation: HandshakeAllThreads
Event: 3.904 Executing VM operation: HandshakeAllThreads done

Events (20 events):
Event: 4.010 loading class java/nio/channels/SelectableChannel done
Event: 4.085 loading class java/lang/reflect/MalformedParametersException
Event: 4.085 loading class java/lang/reflect/MalformedParametersException done
Event: 4.096 loading class java/beans/Transient
Event: 4.096 loading class java/beans/Transient done
Event: 4.096 loading class java/beans/ConstructorProperties
Event: 4.099 loading class java/beans/ConstructorProperties done
Event: 4.115 loading class java/util/concurrent/atomic/AtomicLongArray
Event: 4.116 loading class java/util/concurrent/atomic/AtomicLongArray done
Event: 4.117 loading class java/lang/invoke/VarHandleLongs$Array
Event: 4.118 loading class java/lang/invoke/VarHandleLongs$Array done
Event: 4.118 loading class java/util/concurrent/atomic/AtomicReferenceArray
Event: 4.121 loading class java/util/concurrent/atomic/AtomicReferenceArray done
Event: 4.159 Thread 0x000001a81a1c33f0 Thread added: 0x000001a81a1c33f0
Event: 4.192 loading class sun/text/resources/cldr/FormatData_en
Event: 4.192 loading class sun/text/resources/cldr/FormatData_en done
Event: 4.193 loading class sun/text/resources/cldr/FormatData_en_US
Event: 4.193 loading class sun/text/resources/cldr/FormatData_en_US done
Event: 4.328 loading class java/io/CharArrayReader
Event: 4.328 loading class java/io/CharArrayReader done


Dynamic libraries:
0x00007ff6696e0000 - 0x00007ff6696f0000 	C:\Program Files\Java\jdk-17\bin\java.exe
0x00007ffe5a070000 - 0x00007ffe5a268000 	C:\Windows\SYSTEM32\ntdll.dll
0x00007ffe58170000 - 0x00007ffe58232000 	C:\Windows\System32\KERNEL32.DLL
0x00007ffe57800000 - 0x00007ffe57af6000 	C:\Windows\System32\KERNELBASE.dll
0x00007ffe57700000 - 0x00007ffe57800000 	C:\Windows\System32\ucrtbase.dll
0x00007ffe23970000 - 0x00007ffe23989000 	C:\Program Files\Java\jdk-17\bin\jli.dll
0x00007ffe23990000 - 0x00007ffe239ab000 	C:\Program Files\Java\jdk-17\bin\VCRUNTIME140.dll
0x00007ffe590b0000 - 0x00007ffe59161000 	C:\Windows\System32\ADVAPI32.dll
0x00007ffe59000000 - 0x00007ffe5909e000 	C:\Windows\System32\msvcrt.dll
0x00007ffe59cf0000 - 0x00007ffe59d8f000 	C:\Windows\System32\sechost.dll
0x00007ffe599b0000 - 0x00007ffe59ad0000 	C:\Windows\System32\RPCRT4.dll
0x00007ffe57fe0000 - 0x00007ffe58007000 	C:\Windows\System32\bcrypt.dll
0x00007ffe59d90000 - 0x00007ffe59f31000 	C:\Windows\System32\USER32.dll
0x00007ffe57b90000 - 0x00007ffe57bb2000 	C:\Windows\System32\win32u.dll
0x00007ffe59c00000 - 0x00007ffe59c2b000 	C:\Windows\System32\GDI32.dll
0x00007ffe57e70000 - 0x00007ffe57f89000 	C:\Windows\System32\gdi32full.dll
0x00007ffe57c70000 - 0x00007ffe57d0d000 	C:\Windows\System32\msvcp_win.dll
0x00007ffe352f0000 - 0x00007ffe3558b000 	C:\Windows\WinSxS\amd64_microsoft.windows.common-controls_6595b64144ccf1df_6.0.19041.6456_none_60b8a6cb71f64256\COMCTL32.dll
0x00007ffe4bd80000 - 0x00007ffe4bd8a000 	C:\Windows\SYSTEM32\VERSION.dll
0x00007ffe59fa0000 - 0x00007ffe59fcf000 	C:\Windows\System32\IMM32.DLL
0x00007ffe23960000 - 0x00007ffe2396c000 	C:\Program Files\Java\jdk-17\bin\vcruntime140_1.dll
0x00007ffe237f0000 - 0x00007ffe2387e000 	C:\Program Files\Java\jdk-17\bin\msvcp140.dll
0x00007ffdd1720000 - 0x00007ffdd2300000 	C:\Program Files\Java\jdk-17\bin\server\jvm.dll
0x00007ffe59ce0000 - 0x00007ffe59ce8000 	C:\Windows\System32\PSAPI.DLL
0x00007ffe3c730000 - 0x00007ffe3c739000 	C:\Windows\SYSTEM32\WSOCK32.dll
0x00007ffe3ac30000 - 0x00007ffe3ac57000 	C:\Windows\SYSTEM32\WINMM.dll
0x00007ffe584a0000 - 0x00007ffe5850b000 	C:\Windows\System32\WS2_32.dll
0x00007ffe55ed0000 - 0x00007ffe55ee2000 	C:\Windows\SYSTEM32\kernel.appcore.dll
0x00007ffe237e0000 - 0x00007ffe237ea000 	C:\Program Files\Java\jdk-17\bin\jimage.dll
0x00007ffe550e0000 - 0x00007ffe552e1000 	C:\Windows\SYSTEM32\DBGHELP.DLL
0x00007ffe343e0000 - 0x00007ffe34414000 	C:\Windows\SYSTEM32\dbgcore.DLL
0x00007ffe57b00000 - 0x00007ffe57b82000 	C:\Windows\System32\bcryptPrimitives.dll
0x00007ffe23660000 - 0x00007ffe2366e000 	C:\Program Files\Java\jdk-17\bin\instrument.dll
0x00007ffe237b0000 - 0x00007ffe237d5000 	C:\Program Files\Java\jdk-17\bin\java.dll
0x00007ffe236d0000 - 0x00007ffe237a7000 	C:\Program Files\Java\jdk-17\bin\jsvml.dll
0x00007ffe59240000 - 0x00007ffe599b0000 	C:\Windows\System32\SHELL32.dll
0x00007ffe55680000 - 0x00007ffe55e25000 	C:\Windows\SYSTEM32\windows.storage.dll
0x00007ffe58c10000 - 0x00007ffe58f64000 	C:\Windows\System32\combase.dll
0x00007ffe57130000 - 0x00007ffe5715b000 	C:\Windows\SYSTEM32\Wldp.dll
0x00007ffe58240000 - 0x00007ffe5830d000 	C:\Windows\System32\OLEAUT32.dll
0x00007ffe59c30000 - 0x00007ffe59cdd000 	C:\Windows\System32\SHCORE.dll
0x00007ffe58310000 - 0x00007ffe5836b000 	C:\Windows\System32\shlwapi.dll
0x00007ffe57630000 - 0x00007ffe57654000 	C:\Windows\SYSTEM32\profapi.dll
0x00007ffe23670000 - 0x00007ffe23688000 	C:\Program Files\Java\jdk-17\bin\zip.dll
0x00007ffe236b0000 - 0x00007ffe236c9000 	C:\Program Files\Java\jdk-17\bin\net.dll
0x00007ffe53860000 - 0x00007ffe5396a000 	C:\Windows\SYSTEM32\WINHTTP.dll
0x00007ffe56e90000 - 0x00007ffe56efa000 	C:\Windows\system32\mswsock.dll
0x00007ffe23690000 - 0x00007ffe236a6000 	C:\Program Files\Java\jdk-17\bin\nio.dll
0x00007ffe23640000 - 0x00007ffe2364a000 	C:\Program Files\Java\jdk-17\bin\management.dll
0x00007ffe23630000 - 0x00007ffe2363b000 	C:\Program Files\Java\jdk-17\bin\management_ext.dll

dbghelp: loaded successfully - version: 4.0.5 - missing functions: none
symbol engine: initialized successfully - sym options: 0x614 - pdb path: .;C:\Program Files\Java\jdk-17\bin;C:\Windows\SYSTEM32;C:\Windows\WinSxS\amd64_microsoft.windows.common-controls_6595b64144ccf1df_6.0.19041.6456_none_60b8a6cb71f64256;C:\Program Files\Java\jdk-17\bin\server

VM Arguments:
jvm_args: -XX:TieredStopAtLevel=1 -Dspring.output.ansi.enabled=always -javaagent:C:\Program Files\JetBrains\IntelliJ IDEA 2025.3.1\lib\idea_rt.jar=51753 -Dfile.encoding=UTF-8 
java_command: com.franchiseproject.loyaltyservice.LoyaltyServiceApplication
java_class_path (initial): T:\study\iuh\internship\code\FranchiseProject\sprint04\be\loyalty-service\target\classes;C:\Users\HP\.m2\repository\org\springframework\boot\spring-boot-starter-data-jpa\4.0.2\spring-boot-starter-data-jpa-4.0.2.jar;C:\Users\HP\.m2\repository\org\springframework\boot\spring-boot-starter\4.0.2\spring-boot-starter-4.0.2.jar;C:\Users\HP\.m2\repository\org\springframework\boot\spring-boot-starter-logging\4.0.2\spring-boot-starter-logging-4.0.2.jar;C:\Users\HP\.m2\repository\ch\qos\logback\logback-classic\1.5.25\logback-classic-1.5.25.jar;C:\Users\HP\.m2\repository\ch\qos\logback\logback-core\1.5.25\logback-core-1.5.25.jar;C:\Users\HP\.m2\repository\org\apache\logging\log4j\log4j-to-slf4j\2.25.3\log4j-to-slf4j-2.25.3.jar;C:\Users\HP\.m2\repository\org\apache\logging\log4j\log4j-api\2.25.3\log4j-api-2.25.3.jar;C:\Users\HP\.m2\repository\org\slf4j\jul-to-slf4j\2.0.17\jul-to-slf4j-2.0.17.jar;C:\Users\HP\.m2\repository\jakarta\annotation\jakarta.annotation-api\3.0.0\jakarta.annotation-api-3.0.0.jar;C:\Users\HP\.m2\repository\org\yaml\snakeyaml\2.5\snakeyaml-2.5.jar;C:\Users\HP\.m2\repository\org\springframework\boot\spring-boot-starter-jdbc\4.0.2\spring-boot-starter-jdbc-4.0.2.jar;C:\Users\HP\.m2\repository\com\zaxxer\HikariCP\7.0.2\HikariCP-7.0.2.jar;C:\Users\HP\.m2\repository\org\slf4j\slf4j-api\2.0.17\slf4j-api-2.0.17.jar;C:\Users\HP\.m2\repository\org\springframework\boot\spring-boot-data-jpa\4.0.2\spring-boot-data-jpa-4.0.2.jar;C:\Users\HP\.m2\repository\org\springframework\boot\spring-boot-data-commons\4.0.2\spring-boot-data-commons-4.0.2.jar;C:\Users\HP\.m2\repository\org\springframework\boot\spring-boot-persistence\4.0.2\spring-boot-persistence-4.0.2.jar;C:\Users\HP\.m2\repository\org\springframework\data\spring-data-commons\4.0.2\spring-data-commons-4.0.2.jar;C:\Users\HP\.m2\repository\org\springframework\boot\spring-boot-hibernate\4.0.2\spring-boot-hibernate-4.0.2.jar;C:\Users\HP\.m2\repository\org\springframework\boot\spring-boot-jpa\4.
Launcher Type: SUN_STANDARD

[Global flags]
     intx CICompilerCount                          = 4                                         {product} {ergonomic}
     uint ConcGCThreads                            = 2                                         {product} {ergonomic}
     uint G1ConcRefinementThreads                  = 8                                         {product} {ergonomic}
   size_t G1HeapRegionSize                         = 1048576                                   {product} {ergonomic}
    uintx GCDrainStackTargetSize                   = 64                                        {product} {ergonomic}
   size_t InitialHeapSize                          = 130023424                                 {product} {ergonomic}
   size_t MarkStackSize                            = 4194304                                   {product} {ergonomic}
   size_t MaxHeapSize                              = 2061500416                                {product} {ergonomic}
   size_t MaxNewSize                               = 1236271104                                {product} {ergonomic}
   size_t MinHeapDeltaBytes                        = 1048576                                   {product} {ergonomic}
   size_t MinHeapSize                              = 8388608                                   {product} {ergonomic}
    uintx NonProfiledCodeHeapSize                  = 0                                      {pd product} {ergonomic}
     bool ProfileInterpreter                       = false                                  {pd product} {command line}
    uintx ProfiledCodeHeapSize                     = 0                                      {pd product} {ergonomic}
   size_t SoftMaxHeapSize                          = 2061500416                             {manageable} {ergonomic}
     intx TieredStopAtLevel                        = 1                                         {product} {command line}
     bool UseCompressedClassPointers               = true                           {product lp64_product} {ergonomic}
     bool UseCompressedOops                        = true                           {product lp64_product} {ergonomic}
     bool UseG1GC                                  = true                                      {product} {ergonomic}
     bool UseLargePagesIndividualAllocation        = false                                  {pd product} {ergonomic}

Logging:
Log output configuration:
 #0: stdout all=warning uptime,level,tags
 #1: stderr all=off uptime,level,tags

Environment Variables:
JAVA_HOME=C:\Program Files\Java\jdk-17
PATH=C:\Windows\system32;C:\Windows;C:\Windows\System32\Wbem;C:\Windows\System32\WindowsPowerShell\v1.0\;C:\Windows\System32\OpenSSH\;C:\Program Files\nodejs\;C:\Program Files\Git\cmd;C:\Program Files\Docker\Docker\resources\bin;C:\Program Files\MongoDB\Server\8.0\bin;C:\Program Files\Redis\;C:\Users\HP\AppData\Local\Android\Sdk\platform-tools;C:\Users\HP\AppData\Local\Android\Sdk\tools;C:\Users\HP\AppData\Local\Android\Sdk\tools\bin;C:\Program Files\Java\jdk-17\bin;C:\Users\HP\AppData\Local\Android\Sdk\platform;C:\Users\HP\AppData\Local\Android\Sdk\emulator;C:\Users\HP\AppData\Local\Android\Sdk\cmdline-tools\latest\bin;C:\Program Files\PostgreSQL\17\bin;C:\ProgramData\chocolatey\bin;C:\ProgramData\chocolatey\lib\ffmpeg\tools\ffmpeg\bin;C:\Users\HP\AppData\Local\Microsoft\WindowsApps;C:\Users\HP\AppData\Roaming\npm;C:\Program Files\JetBrains\IntelliJ IDEA 2025.3.1\bin;C:\Program Files\mongosh\;C:\Users\HP\AppData\Local\Programs\Microsoft VS Code\bin;C:\Users\HP\AppData\Local\Python\bin
USERNAME=HP
OS=Windows_NT
PROCESSOR_IDENTIFIER=Intel64 Family 6 Model 140 Stepping 1, GenuineIntel



---------------  S Y S T E M  ---------------

OS:
 Windows 10 , 64 bit Build 19041 (10.0.19041.5915)
OS uptime: 0 days 19:06 hours
Hyper-V role detected

CPU: total 8 (initial active 8) (4 cores per cpu, 2 threads per core) family 6 model 140 stepping 1 microcode 0xb6, cx8, cmov, fxsr, ht, mmx, 3dnowpref, sse, sse2, sse3, ssse3, sse4.1, sse4.2, popcnt, lzcnt, tsc, tscinvbit, avx, avx2, aes, erms, clmul, bmi1, bmi2, adx, avx512f, avx512dq, avx512cd, avx512bw, avx512vl, sha, fma, vzeroupper, avx512_vpopcntdq, avx512_vpclmulqdq, avx512_vaes, avx512_vnni, clflush, clflushopt, clwb, avx512_vbmi2, avx512_vbmi, hv

Memory: 4k page, system-wide physical 7859M (408M free)
TotalPageFile size 32435M (AvailPageFile size 0M)
current process WorkingSet (physical memory assigned to process): 104M, peak: 104M
current process commit charge ("private bytes"): 235M, peak: 235M

vm_info: Java HotSpot(TM) 64-Bit Server VM (17.0.12+8-LTS-286) for windows-amd64 JRE (17.0.12+8-LTS-286), built on Jun  5 2024 06:46:59 by "mach5one" with MS VC++ 17.6 (VS2022)

END.
